[19:23:27] [ServerMain/INFO]: Environment: Environment[sessionHost=https://sessionserver.mojang.com, servicesHost=https://api.minecraftservices.com, name=PROD]
[19:23:30] [ServerMain/INFO]: Loaded 1337 recipes
[19:23:30] [ServerMain/INFO]: Loaded 1448 advancements
[19:23:31] [Server thread/INFO]: Starting minecraft server version 1.21.3
[19:23:31] [Server thread/INFO]: Loading properties
[19:23:31] [Server thread/INFO]: Default game type: SURVIVAL
[19:23:31] [Server thread/INFO]: Generating keypair
[19:23:31] [Server thread/INFO]: Starting Minecraft server on *:25565
[19:23:31] [Server thread/INFO]: Using epoll channel type
[19:23:31] [Server thread/WARN]: **** SERVER IS RUNNING IN OFFLINE/INSECURE MODE!
[19:23:31] [Server thread/WARN]: The server will make no attempt to authenticate usernames. Beware.
[19:23:31] [Server thread/WARN]: While this makes the game possible to play without internet access, it also opens up the ability for hackers to connect with any username they choose.
[19:23:31] [Server thread/WARN]: To change this, set "online-mode" to "true" in the server.properties file.
[19:23:31] [Server thread/INFO]: Preparing level "world"
[19:23:31] [Server thread/INFO]: Preparing start region for dimension minecraft:overworld
[19:23:37] [Worker-Main-1/INFO]: Preparing spawn area: 0%
[19:23:37] [Worker-Main-1/INFO]: Preparing spawn area: 0%
[19:23:37] [Worker-Main-1/INFO]: Preparing spawn area: 0%
[19:23:37] [Worker-Main-1/INFO]: Preparing spawn area: 0%
[19:23:37] [Worker-Main-1/INFO]: Preparing spawn area: 0%
[19:23:37] [Worker-Main-1/INFO]: Preparing spawn area: 0%
[19:23:37] [Worker-Main-1/INFO]: Preparing spawn area: 0%
[19:23:37] [Worker-Main-1/INFO]: Preparing spawn area: 0%
[19:23:37] [Worker-Main-1/INFO]: Preparing spawn area: 0%
[19:23:37] [Worker-Main-1/INFO]: Preparing spawn area: 0%
[19:23:37] [Worker-Main-1/INFO]: Preparing spawn area: 0%
[19:23:37] [Worker-Main-1/INFO]: Preparing spawn area: 0%
[19:23:37] [Server thread/INFO]: Time elapsed: 5950 ms
[19:23:37] [Server thread/INFO]: Done (6.309s)! For help, type "help"
[19:24:37] [Server thread/INFO]: Server empty for 60 seconds, pausing
